# JRE version: OpenJDK Runtime Environment (11.0.10) (build 11.0.10+0-b96-7249189)
# Java VM: OpenJDK 64-Bit Server VM (11.0.10+0-b96-7249189, mixed mode, tiered, compressed oops, g1 gc, windows-amd64)
Heap:
 garbage-first heap   total 189440K, used 130308K [0x0000000080000000, 0x0000000100000000)
  region size 1024K, 26 young (26624K), 5 survivors (5120K)
 Metaspace       used 98946K, capacity 101200K, committed 101504K, reserved 1136640K
  class space    used 12797K, capacity 13628K, committed 13696K, reserved 1048576K
GC Heap History (20 events):
Event: 36.928 GC heap before
{Heap before GC invocations=34 (full 0):
 garbage-first heap   total 131072K, used 109494K [0x0000000080000000, 0x0000000100000000)
  region size 1024K, 21 young (21504K), 3 survivors (3072K)
 Metaspace       used 72752K, capacity 74782K, committed 75136K, reserved 1114112K
  class space    used 9294K, capacity 9987K, committed 10112K, reserved 1048576K
}
Event: 36.932 GC heap after
{Heap after GC invocations=35 (full 0):
 garbage-first heap   total 131072K, used 93105K [0x0000000080000000, 0x0000000100000000)
  region size 1024K, 3 young (3072K), 3 survivors (3072K)
 Metaspace       used 72752K, capacity 74782K, committed 75136K, reserved 1114112K
  class space    used 9294K, capacity 9987K, committed 10112K, reserved 1048576K
}
Event: 37.091 GC heap before
{Heap before GC invocations=35 (full 0):
 garbage-first heap   total 131072K, used 111537K [0x0000000080000000, 0x0000000100000000)
  region size 1024K, 21 young (21504K), 3 survivors (3072K)
 Metaspace       used 73968K, capacity 75877K, committed 76032K, reserved 1116160K
  class space    used 9429K, capacity 10117K, committed 10240K, reserved 1048576K
}
Event: 37.096 GC heap after
{Heap after GC invocations=36 (full 0):
 garbage-first heap   total 131072K, used 94767K [0x0000000080000000, 0x0000000100000000)
  region size 1024K, 2 young (2048K), 2 survivors (2048K)
 Metaspace       used 73968K, capacity 75877K, committed 76032K, reserved 1116160K
  class space    used 9429K, capacity 10117K, committed 10240K, reserved 1048576K
}
Event: 37.364 GC heap before
{Heap before GC invocations=37 (full 0):
 garbage-first heap   total 131072K, used 111151K [0x0000000080000000, 0x0000000100000000)
  region size 1024K, 19 young (19456K), 2 survivors (2048K)
 Metaspace       used 76320K, capacity 78339K, committed 78464K, reserved 1118208K
  class space    used 9872K, capacity 10574K, committed 10624K, reserved 1048576K
}
Event: 37.368 GC heap after
{Heap after GC invocations=38 (full 0):
 garbage-first heap   total 157696K, used 95787K [0x0000000080000000, 0x0000000100000000)
  region size 1024K, 3 young (3072K), 3 survivors (3072K)
 Metaspace       used 76320K, capacity 78339K, committed 78464K, reserved 1118208K
  class space    used 9872K, capacity 10574K, committed 10624K, reserved 1048576K
}
Event: 37.700 GC heap before
{Heap before GC invocations=38 (full 0):
 garbage-first heap   total 157696K, used 122411K [0x0000000080000000, 0x0000000100000000)
  region size 1024K, 29 young (29696K), 3 survivors (3072K)
 Metaspace       used 78864K, capacity 80893K, committed 81152K, reserved 1120256K
  class space    used 10218K, capacity 10929K, committed 11008K, reserved 1048576K
}
Event: 37.704 GC heap after
{Heap after GC invocations=39 (full 0):
 garbage-first heap   total 157696K, used 97397K [0x0000000080000000, 0x0000000100000000)
  region size 1024K, 3 young (3072K), 3 survivors (3072K)
 Metaspace       used 78864K, capacity 80893K, committed 81152K, reserved 1120256K
  class space    used 10218K, capacity 10929K, committed 11008K, reserved 1048576K
}
Event: 38.044 GC heap before
{Heap before GC invocations=40 (full 0):
 garbage-first heap   total 157696K, used 124021K [0x0000000080000000, 0x0000000100000000)
  region size 1024K, 29 young (29696K), 3 survivors (3072K)
 Metaspace       used 81042K, capacity 83067K, committed 83200K, reserved 1122304K
  class space    used 10532K, capacity 11247K, committed 11264K, reserved 1048576K
}
Event: 38.047 GC heap after
{Heap after GC invocations=41 (full 0):
 garbage-first heap   total 157696K, used 98586K [0x0000000080000000, 0x0000000100000000)
  region size 1024K, 3 young (3072K), 3 survivors (3072K)
 Metaspace       used 81042K, capacity 83067K, committed 83200K, reserved 1122304K
  class space    used 10532K, capacity 11247K, committed 11264K, reserved 1048576K
}
Event: 38.402 GC heap before
{Heap before GC invocations=41 (full 0):
 garbage-first heap   total 157696K, used 126234K [0x0000000080000000, 0x0000000100000000)
  region size 1024K, 30 young (30720K), 3 survivors (3072K)
 Metaspace       used 82637K, capacity 84724K, committed 84992K, reserved 1122304K
  class space    used 10732K, capacity 11471K, committed 11520K, reserved 1048576K
}
Event: 38.408 GC heap after
{Heap after GC invocations=42 (full 0):
 garbage-first heap   total 157696K, used 100228K [0x0000000080000000, 0x0000000100000000)
  region size 1024K, 3 young (3072K), 3 survivors (3072K)
 Metaspace       used 82637K, capacity 84724K, committed 84992K, reserved 1122304K
  class space    used 10732K, capacity 11471K, committed 11520K, reserved 1048576K
}
Event: 38.642 GC heap before
{Heap before GC invocations=43 (full 0):
 garbage-first heap   total 157696K, used 127876K [0x0000000080000000, 0x0000000100000000)
  region size 1024K, 30 young (30720K), 3 survivors (3072K)
 Metaspace       used 83842K, capacity 86099K, committed 86272K, reserved 1124352K
  class space    used 10901K, capacity 11668K, committed 11776K, reserved 1048576K
}
Event: 38.647 GC heap after
{Heap after GC invocations=44 (full 0):
 garbage-first heap   total 189440K, used 102400K [0x0000000080000000, 0x0000000100000000)
  region size 1024K, 4 young (4096K), 4 survivors (4096K)
 Metaspace       used 83842K, capacity 86099K, committed 86272K, reserved 1124352K
  class space    used 10901K, capacity 11668K, committed 11776K, reserved 1048576K
}
Event: 39.002 GC heap before
{Heap before GC invocations=44 (full 0):
 garbage-first heap   total 189440K, used 135168K [0x0000000080000000, 0x0000000100000000)
  region size 1024K, 38 young (38912K), 4 survivors (4096K)
 Metaspace       used 86695K, capacity 88870K, committed 89088K, reserved 1126400K
  class space    used 11275K, capacity 12013K, committed 12032K, reserved 1048576K
}
Event: 39.007 GC heap after
{Heap after GC invocations=45 (full 0):
 garbage-first heap   total 189440K, used 105204K [0x0000000080000000, 0x0000000100000000)
  region size 1024K, 5 young (5120K), 5 survivors (5120K)
 Metaspace       used 86695K, capacity 88870K, committed 89088K, reserved 1126400K
  class space    used 11275K, capacity 12013K, committed 12032K, reserved 1048576K
}
Event: 39.611 GC heap before
{Heap before GC invocations=46 (full 0):
 garbage-first heap   total 189440K, used 146164K [0x0000000080000000, 0x0000000100000000)
  region size 1024K, 44 young (45056K), 5 survivors (5120K)
 Metaspace       used 92461K, capacity 94619K, committed 94720K, reserved 1130496K
  class space    used 11995K, capacity 12764K, committed 12800K, reserved 1048576K
}
Event: 39.617 GC heap after
{Heap after GC invocations=47 (full 0):
 garbage-first heap   total 189440K, used 106744K [0x0000000080000000, 0x0000000100000000)
  region size 1024K, 5 young (5120K), 5 survivors (5120K)
 Metaspace       used 92461K, capacity 94619K, committed 94720K, reserved 1130496K
  class space    used 11995K, capacity 12764K, committed 12800K, reserved 1048576K
}
Event: 40.154 GC heap before
{Heap before GC invocations=47 (full 0):
 garbage-first heap   total 189440K, used 147704K [0x0000000080000000, 0x0000000100000000)
  region size 1024K, 45 young (46080K), 5 survivors (5120K)
 Metaspace       used 96964K, capacity 99217K, committed 99456K, reserved 1134592K
  class space    used 12508K, capacity 13352K, committed 13440K, reserved 1048576K
}
Event: 40.161 GC heap after
{Heap after GC invocations=48 (full 0):
 garbage-first heap   total 189440K, used 109828K [0x0000000080000000, 0x0000000100000000)
  region size 1024K, 5 young (5120K), 5 survivors (5120K)
 Metaspace       used 96964K, capacity 99217K, committed 99456K, reserved 1134592K
  class space    used 12508K, capacity 13352K, committed 13440K, reserved 1048576K
}

